# JRE version: OpenJDK Runtime Environment (24.0+36) (build 24+36-3646)
# Java VM: OpenJDK 64-Bit Server VM (24+36-3646, mixed mode, emulated-client, sharing, tiered, compressed oops, compressed class ptrs, g1 gc, windows-amd64)
GC Precious Log:
 CardTable entry size: 512
 Card Set container configuration: InlinePtr #cards 5 size 8 Array Of Cards #cards 10 size 36 Howl #buckets 4 coarsen threshold 1843 Howl Bitmap #cards 512 size 80 coarsen threshold 460 Card regions per heap region 1 cards per card region 2048
 CPUs: 12 total, 12 available
 Memory: 7876M
 Large Page Support: Disabled
 NUMA Support: Disabled
 Compressed Oops: Enabled (32-bit)
 Heap Region Size: 1M
 Heap Min Capacity: 8M
 Heap Initial Capacity: 124M
 Heap Max Capacity: 1970M
 Pre-touch: Disabled
 Parallel Workers: 10
 Concurrent Workers: 3
 Concurrent Refinement Workers: 10
 Periodic GC: Disabled
Heap:
 garbage-first heap   total reserved 2017280K, committed 66560K, used 50857K [0x0000000084e00000, 0x0000000100000000)
  region size 1024K, 25 young (25600K), 3 survivors (3072K)
 Metaspace       used 64446K, committed 65088K, reserved 1114112K
  class space    used 7340K, committed 7616K, reserved 1048576K
GC Heap History (20 events):
Event: 4.774 GC heap after
{Heap after GC invocations=5 (full 0):
 garbage-first heap   total reserved 2017280K, committed 66560K, used 19446K [0x0000000084e00000, 0x0000000100000000)
  region size 1024K, 5 young (5120K), 5 survivors (5120K)
 Metaspace       used 27880K, committed 28352K, reserved 1114112K
  class space    used 3181K, committed 3392K, reserved 1048576K
}
Event: 5.759 GC heap before
{Heap before GC invocations=5 (full 0):
 garbage-first heap   total reserved 2017280K, committed 66560K, used 47094K [0x0000000084e00000, 0x0000000100000000)
  region size 1024K, 33 young (33792K), 5 survivors (5120K)
 Metaspace       used 35596K, committed 35968K, reserved 1114112K
  class space    used 3980K, committed 4160K, reserved 1048576K
}
Event: 5.766 GC heap after
{Heap after GC invocations=6 (full 0):
 garbage-first heap   total reserved 2017280K, committed 66560K, used 21487K [0x0000000084e00000, 0x0000000100000000)
  region size 1024K, 3 young (3072K), 3 survivors (3072K)
 Metaspace       used 35596K, committed 35968K, reserved 1114112K
  class space    used 3980K, committed 4160K, reserved 1048576K
}
Event: 5.824 GC heap before
{Heap before GC invocations=6 (full 0):
 garbage-first heap   total reserved 2017280K, committed 66560K, used 21487K [0x0000000084e00000, 0x0000000100000000)
  region size 1024K, 4 young (4096K), 3 survivors (3072K)
 Metaspace       used 35939K, committed 36288K, reserved 1114112K
  class space    used 4005K, committed 4160K, reserved 1048576K
}
Event: 5.827 GC heap after
{Heap after GC invocations=7 (full 0):
 garbage-first heap   total reserved 2017280K, committed 66560K, used 21269K [0x0000000084e00000, 0x0000000100000000)
  region size 1024K, 2 young (2048K), 2 survivors (2048K)
 Metaspace       used 35939K, committed 36288K, reserved 1114112K
  class space    used 4005K, committed 4160K, reserved 1048576K
}
Event: 6.716 GC heap before
{Heap before GC invocations=8 (full 0):
 garbage-first heap   total reserved 2017280K, committed 66560K, used 51989K [0x0000000084e00000, 0x0000000100000000)
  region size 1024K, 33 young (33792K), 2 survivors (2048K)
 Metaspace       used 45038K, committed 45504K, reserved 1114112K
  class space    used 4993K, committed 5184K, reserved 1048576K
}
Event: 6.721 GC heap after
{Heap after GC invocations=9 (full 0):
 garbage-first heap   total reserved 2017280K, committed 66560K, used 24002K [0x0000000084e00000, 0x0000000100000000)
  region size 1024K, 5 young (5120K), 5 survivors (5120K)
 Metaspace       used 45038K, committed 45504K, reserved 1114112K
  class space    used 4993K, committed 5184K, reserved 1048576K
}
Event: 7.664 GC heap before
{Heap before GC invocations=9 (full 0):
 garbage-first heap   total reserved 2017280K, committed 66560K, used 53698K [0x0000000084e00000, 0x0000000100000000)
  region size 1024K, 35 young (35840K), 5 survivors (5120K)
 Metaspace       used 53031K, committed 53568K, reserved 1114112K
  class space    used 5867K, committed 6080K, reserved 1048576K
}
Event: 7.672 GC heap after
{Heap after GC invocations=10 (full 0):
 garbage-first heap   total reserved 2017280K, committed 66560K, used 25483K [0x0000000084e00000, 0x0000000100000000)
  region size 1024K, 2 young (2048K), 2 survivors (2048K)
 Metaspace       used 53031K, committed 53568K, reserved 1114112K
  class space    used 5867K, committed 6080K, reserved 1048576K
}
Event: 8.288 GC heap before
{Heap before GC invocations=10 (full 0):
 garbage-first heap   total reserved 2017280K, committed 66560K, used 57227K [0x0000000084e00000, 0x0000000100000000)
  region size 1024K, 33 young (33792K), 2 survivors (2048K)
 Metaspace       used 57427K, committed 57984K, reserved 1114112K
  class space    used 6405K, committed 6592K, reserved 1048576K
}
Event: 8.293 GC heap after
{Heap after GC invocations=11 (full 0):
 garbage-first heap   total reserved 2017280K, committed 66560K, used 28438K [0x0000000084e00000, 0x0000000100000000)
  region size 1024K, 5 young (5120K), 5 survivors (5120K)
 Metaspace       used 57427K, committed 57984K, reserved 1114112K
  class space    used 6405K, committed 6592K, reserved 1048576K
}
Event: 32.161 GC heap before
{Heap before GC invocations=11 (full 0):
 garbage-first heap   total reserved 2017280K, committed 66560K, used 41750K [0x0000000084e00000, 0x0000000100000000)
  region size 1024K, 20 young (20480K), 5 survivors (5120K)
 Metaspace       used 60023K, committed 60608K, reserved 1114112K
  class space    used 6707K, committed 6976K, reserved 1048576K
}
Event: 32.187 GC heap after
{Heap after GC invocations=12 (full 0):
 garbage-first heap   total reserved 2017280K, committed 66560K, used 29620K [0x0000000084e00000, 0x0000000100000000)
  region size 1024K, 2 young (2048K), 2 survivors (2048K)
 Metaspace       used 60023K, committed 60608K, reserved 1114112K
  class space    used 6707K, committed 6976K, reserved 1048576K
}
Event: 150.731 GC heap before
{Heap before GC invocations=13 (full 0):
 garbage-first heap   total reserved 2017280K, committed 66560K, used 44980K [0x0000000084e00000, 0x0000000100000000)
  region size 1024K, 19 young (19456K), 2 survivors (2048K)
 Metaspace       used 63284K, committed 63872K, reserved 1114112K
  class space    used 7182K, committed 7424K, reserved 1048576K
}
Event: 151.129 GC heap after
{Heap after GC invocations=14 (full 1):
 garbage-first heap   total reserved 2017280K, committed 66560K, used 25515K [0x0000000084e00000, 0x0000000100000000)
  region size 1024K, 0 young (0K), 0 survivors (0K)
 Metaspace       used 63284K, committed 63872K, reserved 1114112K
  class space    used 7182K, committed 7424K, reserved 1048576K
}
Event: 151.956 GC heap before
{Heap before GC invocations=14 (full 1):
 garbage-first heap   total reserved 2017280K, committed 66560K, used 55211K [0x0000000084e00000, 0x0000000100000000)
  region size 1024K, 29 young (29696K), 0 survivors (0K)
 Metaspace       used 63316K, committed 63936K, reserved 1114112K
  class space    used 7187K, committed 7424K, reserved 1048576K
}
Event: 151.968 GC heap after
{Heap after GC invocations=15 (full 1):
 garbage-first heap   total reserved 2017280K, committed 66560K, used 28692K [0x0000000084e00000, 0x0000000100000000)
  region size 1024K, 4 young (4096K), 4 survivors (4096K)
 Metaspace       used 63316K, committed 63936K, reserved 1114112K
  class space    used 7187K, committed 7424K, reserved 1048576K
}
Event: 263.135 GC heap before
{Heap before GC invocations=15 (full 1):
 garbage-first heap   total reserved 2017280K, committed 66560K, used 54292K [0x0000000084e00000, 0x0000000100000000)
  region size 1024K, 30 young (30720K), 4 survivors (4096K)
 Metaspace       used 63613K, committed 64256K, reserved 1114112K
  class space    used 7227K, committed 7488K, reserved 1048576K
}
Event: 263.207 GC heap after
{Heap after GC invocations=16 (full 1):
 garbage-first heap   total reserved 2017280K, committed 66560K, used 30377K [0x0000000084e00000, 0x0000000100000000)
  region size 1024K, 3 young (3072K), 3 survivors (3072K)
 Metaspace       used 63613K, committed 64256K, reserved 1114112K
  class space    used 7227K, committed 7488K, reserved 1048576K
}
Event: 1522.673 GC heap before
{Heap before GC invocations=16 (full 1):
 garbage-first heap   total reserved 2017280K, committed 66560K, used 50857K [0x0000000084e00000, 0x0000000100000000)
  region size 1024K, 25 young (25600K), 3 survivors (3072K)
 Metaspace       used 64446K, committed 65088K, reserved 1114112K
  class space    used 7340K, committed 7616K, reserved 1048576K
}

